TN:
SF:src/index.ts
FN:12,(anonymous_0)
FN:33,(anonymous_1)
FN:72,(anonymous_2)
FNF:3
FNH:0
FNDA:0,(anonymous_0)
FNDA:0,(anonymous_1)
FNDA:0,(anonymous_2)
DA:8,0
DA:11,0
DA:12,0
DA:15,0
DA:16,0
DA:17,0
DA:19,0
DA:20,0
DA:22,0
DA:26,0
DA:29,0
DA:30,0
DA:33,0
DA:34,0
DA:35,0
DA:53,0
DA:54,0
DA:66,0
DA:68,0
DA:74,0
LF:20
LH:0
BRDA:11,0,0,0
BRDA:11,0,1,0
BRDA:16,1,0,0
BRDA:16,1,1,0
BRDA:34,2,0,0
BRDA:34,2,1,0
BRDA:39,3,0,0
BRDA:39,3,1,0
BRDA:41,4,0,0
BRDA:41,4,1,0
BRDA:43,5,0,0
BRDA:43,5,1,0
BRDA:66,6,0,0
BRDA:66,6,1,0
BRF:14
BRH:0
end_of_record
TN:
SF:src/db/index.ts
FN:13,(anonymous_0)
FNF:1
FNH:0
FNDA:0,(anonymous_0)
DA:5,0
DA:6,0
DA:9,0
DA:13,0
DA:14,0
DA:17,0
LF:6
LH:0
BRDA:5,0,0,0
BRDA:5,0,1,0
BRF:2
BRH:0
end_of_record
TN:
SF:src/db/schema.ts
FNF:0
FNH:0
DA:4,1
LF:1
LH:1
BRF:0
BRH:0
end_of_record
TN:
SF:src/routes/health.ts
FN:7,(anonymous_0)
FNF:1
FNH:0
FNDA:0,(anonymous_0)
DA:5,0
DA:7,0
DA:8,0
DA:9,0
DA:11,0
DA:13,0
LF:6
LH:0
BRF:0
BRH:0
end_of_record
TN:
SF:src/routes/todos.ts
FN:12,(anonymous_0)
FN:21,(anonymous_1)
FN:31,(anonymous_2)
FN:53,(anonymous_3)
FN:85,(anonymous_4)
FNF:5
FNH:5
FNDA:4,(anonymous_0)
FNDA:3,(anonymous_1)
FNDA:3,(anonymous_2)
FNDA:3,(anonymous_3)
FNDA:3,(anonymous_4)
DA:10,1
DA:12,1
DA:14,4
DA:15,4
DA:17,1
DA:18,1
DA:21,3
DA:28,3
DA:31,1
DA:32,3
DA:33,3
DA:34,3
DA:35,3
DA:36,2
DA:38,1
DA:39,1
DA:45,1
DA:47,2
DA:48,0
DA:49,0
DA:53,1
DA:54,3
DA:55,3
DA:56,3
DA:57,2
DA:58,2
DA:59,2
DA:60,2
DA:61,0
DA:63,2
DA:68,2
DA:69,1
DA:71,1
DA:77,1
DA:79,2
DA:80,0
DA:81,0
DA:85,1
DA:86,3
DA:87,3
DA:88,3
DA:89,2
DA:90,2
DA:91,2
DA:92,1
DA:94,1
DA:96,2
DA:97,0
DA:98,0
LF:49
LH:42
BRDA:35,0,0,2
BRDA:35,0,1,1
BRDA:47,1,0,2
BRDA:47,1,1,0
BRDA:56,2,0,1
BRDA:56,2,1,2
BRDA:60,3,0,0
BRDA:60,3,1,2
BRDA:68,4,0,1
BRDA:68,4,1,1
BRDA:79,5,0,2
BRDA:79,5,1,0
BRDA:88,6,0,1
BRDA:88,6,1,2
BRDA:91,7,0,1
BRDA:91,7,1,1
BRDA:96,8,0,2
BRDA:96,8,1,0
BRF:18
BRH:14
end_of_record
