TN:
SF:src/App.tsx
FN:5,App
FNF:1
FNH:0
FNDA:0,App
DA:6,0
LF:1
LH:0
BRF:0
BRH:0
end_of_record
TN:
SF:src/components/EmptyState.tsx
FN:1,EmptyState
FNF:1
FNH:1
FNDA:2,EmptyState
DA:2,2
LF:1
LH:1
BRF:0
BRH:0
end_of_record
TN:
SF:src/components/ErrorBoundary.tsx
FN:13,(anonymous_0)
FN:18,(anonymous_1)
FN:22,(anonymous_2)
FN:26,(anonymous_3)
FNF:4
FNH:4
FNDA:6,(anonymous_0)
FNDA:1,(anonymous_1)
FNDA:2,(anonymous_2)
FNDA:9,(anonymous_3)
DA:14,6
DA:15,6
DA:19,4
DA:23,2
DA:27,9
DA:28,4
DA:41,5
LF:7
LH:7
BRDA:27,0,0,4
BRDA:27,0,1,5
BRDA:29,1,0,4
BRDA:29,1,1,2
BRF:4
BRH:4
end_of_record
TN:
SF:src/components/ErrorState.tsx
FN:6,ErrorState
FNF:1
FNH:1
FNDA:2,ErrorState
DA:7,2
LF:1
LH:1
BRF:0
BRH:0
end_of_record
TN:
SF:src/components/LoadingState.tsx
FN:1,LoadingState
FN:4,(anonymous_1)
FNF:2
FNH:2
FNDA:3,LoadingState
FNDA:9,(anonymous_1)
DA:2,3
DA:5,9
LF:2
LH:2
BRF:0
BRH:0
end_of_record
TN:
SF:src/components/ToastContainer.tsx
FN:3,ToastContainer
FN:8,(anonymous_1)
FN:17,(anonymous_2)
FN:27,(anonymous_3)
FNF:4
FNH:4
FNDA:4,ToastContainer
FNDA:4,(anonymous_1)
FNDA:1,(anonymous_2)
FNDA:1,(anonymous_3)
DA:4,4
DA:6,4
DA:9,4
DA:18,1
DA:19,1
DA:27,1
LF:6
LH:6
BRDA:15,0,0,4
BRDA:15,0,1,4
BRF:2
BRH:2
end_of_record
TN:
SF:src/components/TodoInput.tsx
FN:6,TodoInput
FN:10,(anonymous_1)
FN:13,(anonymous_2)
FN:17,(anonymous_3)
FN:31,(anonymous_4)
FNF:5
FNH:4
FNDA:58,TodoInput
FNDA:0,(anonymous_1)
FNDA:4,(anonymous_2)
FNDA:1,(anonymous_3)
FNDA:51,(anonymous_4)
DA:7,58
DA:8,58
DA:9,58
DA:10,0
DA:13,58
DA:14,4
DA:15,4
DA:16,4
DA:17,1
DA:21,58
DA:31,51
LF:11
LH:10
BRDA:15,0,0,0
BRDA:15,0,1,4
BRDA:39,1,0,58
BRDA:39,1,1,58
BRF:4
BRH:3
end_of_record
TN:
SF:src/components/TodoItem.tsx
FN:6,TodoItem
FN:10,(anonymous_1)
FN:14,(anonymous_2)
FN:24,(anonymous_3)
FN:39,(anonymous_4)
FNF:5
FNH:3
FNDA:18,TodoItem
FNDA:0,(anonymous_1)
FNDA:0,(anonymous_2)
FNDA:1,(anonymous_3)
FNDA:1,(anonymous_4)
DA:7,18
DA:9,18
DA:10,0
DA:13,18
DA:14,0
DA:17,18
DA:24,1
DA:39,1
LF:8
LH:6
BRDA:25,0,0,5
BRDA:25,0,1,13
BRDA:30,1,0,5
BRDA:30,1,1,13
BRF:4
BRH:4
end_of_record
TN:
SF:src/components/TodoList.tsx
FN:8,TodoList
FN:11,(anonymous_1)
FNF:2
FNH:2
FNDA:2,TodoList
FNDA:4,(anonymous_1)
DA:9,2
DA:12,4
LF:2
LH:2
BRF:0
BRH:0
end_of_record
TN:
SF:src/components/TodoPage.tsx
FN:9,TodoPage
FN:17,TodoPageInner
FNF:2
FNH:0
FNDA:0,TodoPage
FNDA:0,TodoPageInner
DA:10,0
DA:18,0
DA:20,0
LF:3
LH:0
BRDA:26,0,0,0
BRDA:26,0,1,0
BRDA:28,1,0,0
BRDA:28,1,1,0
BRDA:28,2,0,0
BRDA:28,2,1,0
BRDA:30,3,0,0
BRDA:30,3,1,0
BRDA:35,4,0,0
BRDA:35,4,1,0
BRDA:35,4,2,0
BRDA:50,5,0,0
BRDA:50,5,1,0
BRF:13
BRH:0
end_of_record
TN:
SF:src/context/ToastContext.tsx
FN:26,ToastProvider
FN:30,(anonymous_1)
FN:32,(anonymous_2)
FN:33,(anonymous_3)
FN:34,(anonymous_4)
FN:34,(anonymous_5)
FN:40,(anonymous_6)
FN:42,(anonymous_7)
FN:47,(anonymous_8)
FN:48,(anonymous_9)
FN:48,(anonymous_10)
FN:58,useToastContext
FNF:12
FNH:12
FNDA:10,ToastProvider
FNDA:7,(anonymous_1)
FNDA:7,(anonymous_2)
FNDA:1,(anonymous_3)
FNDA:1,(anonymous_4)
FNDA:1,(anonymous_5)
FNDA:4,(anonymous_6)
FNDA:4,(anonymous_7)
FNDA:1,(anonymous_8)
FNDA:1,(anonymous_9)
FNDA:1,(anonymous_10)
FNDA:16,useToastContext
DA:24,2
DA:27,10
DA:28,10
DA:30,10
DA:31,7
DA:32,7
DA:33,7
DA:34,1
DA:35,1
DA:37,7
DA:40,10
DA:41,4
DA:42,4
DA:43,4
DA:47,10
DA:48,1
DA:51,10
DA:59,16
DA:60,16
DA:61,14
LF:20
LH:20
BRDA:60,0,0,2
BRDA:60,0,1,14
BRF:2
BRH:2
end_of_record
TN:
SF:src/hooks/useCreateTodo.ts
FN:10,useCreateTodo
FN:16,(anonymous_1)
FN:27,(anonymous_2)
FN:31,(anonymous_3)
FN:35,(anonymous_4)
FN:37,(anonymous_5)
FN:42,(anonymous_6)
FNF:7
FNH:0
FNDA:0,useCreateTodo
FNDA:0,(anonymous_1)
FNDA:0,(anonymous_2)
FNDA:0,(anonymous_3)
FNDA:0,(anonymous_4)
FNDA:0,(anonymous_5)
FNDA:0,(anonymous_6)
DA:11,0
DA:12,0
DA:14,0
DA:17,0
DA:18,0
DA:20,0
DA:27,0
DA:29,0
DA:32,0
DA:33,0
DA:35,0
DA:38,0
DA:42,0
DA:43,0
DA:46,0
LF:15
LH:0
BRDA:27,0,0,0
BRDA:32,1,0,0
BRDA:32,1,1,0
BRF:3
BRH:0
end_of_record
TN:
SF:src/hooks/useDeleteTodo.ts
FN:10,useDeleteTodo
FN:15,(anonymous_1)
FN:17,(anonymous_2)
FN:20,(anonymous_3)
FN:20,(anonymous_4)
FN:24,(anonymous_5)
FN:28,(anonymous_6)
FN:31,(anonymous_7)
FN:36,(anonymous_8)
FNF:9
FNH:8
FNDA:4,useDeleteTodo
FNDA:2,(anonymous_1)
FNDA:2,(anonymous_2)
FNDA:2,(anonymous_3)
FNDA:4,(anonymous_4)
FNDA:1,(anonymous_5)
FNDA:0,(anonymous_6)
FNDA:2,(anonymous_7)
FNDA:4,(anonymous_8)
DA:11,4
DA:12,4
DA:14,4
DA:15,2
DA:18,2
DA:19,2
DA:20,4
DA:21,2
DA:25,1
DA:26,1
DA:28,1
DA:32,2
DA:36,4
DA:37,4
DA:40,4
LF:15
LH:15
BRDA:20,0,0,2
BRDA:20,0,1,0
BRDA:25,1,0,1
BRDA:25,1,1,0
BRF:4
BRH:2
end_of_record
TN:
SF:src/hooks/useToast.ts
FN:3,useToast
FNF:1
FNH:0
FNDA:0,useToast
DA:4,0
DA:5,0
LF:2
LH:0
BRF:0
BRH:0
end_of_record
TN:
SF:src/hooks/useTodos.ts
FN:4,useTodos
FNF:1
FNH:0
FNDA:0,useTodos
DA:5,0
DA:10,0
LF:2
LH:0
BRDA:10,0,0,0
BRDA:10,0,1,0
BRF:2
BRH:0
end_of_record
TN:
SF:src/hooks/useToggleTodo.ts
FN:10,useToggleTodo
FN:15,(anonymous_1)
FN:18,(anonymous_2)
FN:22,(anonymous_3)
FN:23,(anonymous_4)
FN:28,(anonymous_5)
FN:32,(anonymous_6)
FN:35,(anonymous_7)
FN:40,(anonymous_8)
FNF:9
FNH:8
FNDA:4,useToggleTodo
FNDA:2,(anonymous_1)
FNDA:2,(anonymous_2)
FNDA:2,(anonymous_3)
FNDA:4,(anonymous_4)
FNDA:1,(anonymous_5)
FNDA:0,(anonymous_6)
FNDA:2,(anonymous_7)
FNDA:4,(anonymous_8)
DA:11,4
DA:12,4
DA:14,4
DA:15,2
DA:19,2
DA:20,2
DA:21,2
DA:23,4
DA:25,2
DA:29,1
DA:30,1
DA:32,1
DA:36,2
DA:40,4
DA:41,4
DA:44,4
LF:16
LH:16
BRDA:23,0,0,2
BRDA:23,0,1,0
BRDA:23,1,0,2
BRDA:23,1,1,2
BRDA:29,2,0,1
BRDA:29,2,1,0
BRF:6
BRH:4
end_of_record
TN:
SF:src/lib/api.ts
FN:5,getTodos
FN:13,createTodo
FN:20,(anonymous_2)
FN:28,toggleTodo
FN:38,deleteTodo
FNF:5
FNH:5
FNDA:2,getTodos
FNDA:3,createTodo
FNDA:1,(anonymous_2)
FNDA:2,toggleTodo
FNDA:2,deleteTodo
DA:3,1
DA:6,2
DA:7,2
DA:8,1
DA:10,1
DA:14,3
DA:19,3
DA:20,2
DA:21,2
DA:25,1
DA:29,2
DA:34,2
DA:35,1
DA:39,2
DA:40,2
LF:15
LH:15
BRDA:7,0,0,1
BRDA:7,0,1,1
BRDA:19,1,0,2
BRDA:19,1,1,1
BRDA:22,2,0,2
BRDA:22,2,1,1
BRDA:34,3,0,1
BRDA:34,3,1,1
BRDA:40,4,0,1
BRDA:40,4,1,1
BRF:10
BRH:10
end_of_record
TN:
SF:src/lib/queryClient.ts
FNF:0
FNH:0
DA:3,0
LF:1
LH:0
BRF:0
BRH:0
end_of_record
